23:25:59-<class 'TypeError'> unsupported operand type(s) for -: 'NoneType' and 'datetime.datetime'
23:27:05-<class 'TypeError'> unsupported operand type(s) for -: 'NoneType' and 'datetime.datetime'
23:28:08-<class 'TypeError'> unsupported operand type(s) for -: 'NoneType' and 'datetime.datetime'
23:29:29-<class 'TypeError'> unsupported operand type(s) for -: 'NoneType' and 'datetime.datetime'
10:42:58-<class 'AttributeError'> 'list' object has no attribute 'popleft'
11:45:37-<class 'cv2.error'> OpenCV(4.5.1) /tmp/pip-req-build-ms668fyv/opencv/modules/highgui/src/window.cpp:376: error: (-215:Assertion failed) size.width>0 && size.height>0 in function 'imshow'

11:59:05-<class 'AttributeError'> 'NoneType' object has no attribute 'shape'
12:03:54-<class 'cv2.error'> OpenCV(4.1.1) /opencv/modules/dnn/src/op_inf_engine.cpp:477: error: (-215:Assertion failed) in function 'initPlugin'
> Failed to initialize Inference Engine backend: Cannot find plugin to use :
> 
12:04:43-<class 'cv2.error'> OpenCV(4.1.1) /opencv/modules/dnn/src/op_inf_engine.cpp:477: error: (-215:Assertion failed) in function 'initPlugin'
> Failed to initialize Inference Engine backend: Cannot find plugin to use :
> 
